[17:11:25:897] [WARN] - org.springframework.cloud.config.client.ConfigServicePropertySourceLocator.locate(ConfigServicePropertySourceLocator.java:136) - Could not locate PropertySource: I/O error on GET request for "http://localhost:8888/eureka-server/default": Connection refused: connect; nested exception is java.net.ConnectException: Connection refused: connect
[17:11:35:933] [WARN] - com.netflix.config.sources.URLConfigurationSource.<init>(URLConfigurationSource.java:121) - No URLs will be polled as dynamic configuration sources.
[17:11:35:956] [WARN] - com.netflix.config.sources.URLConfigurationSource.<init>(URLConfigurationSource.java:121) - No URLs will be polled as dynamic configuration sources.
[17:11:41:390] [WARN] - com.netflix.eureka.cluster.PeerEurekaNodes.updatePeerEurekaNodes(PeerEurekaNodes.java:156) - The replica size seems to be empty. Check the route 53 DNS Registry
[17:12:45:411] [ERROR] - org.thymeleaf.TemplateEngine.process(TemplateEngine.java:1085) - [THYMELEAF][http-nio-1111-exec-3] Exception processing template "pwderror": Error resolving template "pwderror", template might not exist or might not be accessible by any of the configured Template Resolvers
[17:12:45:423] [ERROR] - org.apache.juli.logging.DirectJDKLog.log(DirectJDKLog.java:181) - Servlet.service() for servlet [dispatcherServlet] in context with path [] threw exception [Request processing failed; nested exception is org.thymeleaf.exceptions.TemplateInputException: Error resolving template "pwderror", template might not exist or might not be accessible by any of the configured Template Resolvers] with root cause
org.thymeleaf.exceptions.TemplateInputException: Error resolving template "pwderror", template might not exist or might not be accessible by any of the configured Template Resolvers
	at org.thymeleaf.TemplateRepository.getTemplate(TemplateRepository.java:246) ~[thymeleaf-2.1.5.RELEASE.jar:2.1.5.RELEASE]
	at org.thymeleaf.TemplateEngine.process(TemplateEngine.java:1104) ~[thymeleaf-2.1.5.RELEASE.jar:2.1.5.RELEASE]
	at org.thymeleaf.TemplateEngine.process(TemplateEngine.java:1060) ~[thymeleaf-2.1.5.RELEASE.jar:2.1.5.RELEASE]
	at org.thymeleaf.TemplateEngine.process(TemplateEngine.java:1011) ~[thymeleaf-2.1.5.RELEASE.jar:2.1.5.RELEASE]
	at org.thymeleaf.spring4.view.ThymeleafView.renderFragment(ThymeleafView.java:335) ~[thymeleaf-spring4-2.1.5.RELEASE.jar:2.1.5.RELEASE]
	at org.thymeleaf.spring4.view.ThymeleafView.render(ThymeleafView.java:190) ~[thymeleaf-spring4-2.1.5.RELEASE.jar:2.1.5.RELEASE]
	at org.springframework.web.servlet.DispatcherServlet.render(DispatcherServlet.java:1257) ~[spring-webmvc-4.3.2.RELEASE.jar:4.3.2.RELEASE]
	at org.springframework.web.servlet.DispatcherServlet.processDispatchResult(DispatcherServlet.java:1037) ~[spring-webmvc-4.3.2.RELEASE.jar:4.3.2.RELEASE]
	at org.springframework.web.servlet.DispatcherServlet.doDispatch(DispatcherServlet.java:980) ~[spring-webmvc-4.3.2.RELEASE.jar:4.3.2.RELEASE]
	at org.springframework.web.servlet.DispatcherServlet.doService(DispatcherServlet.java:897) ~[spring-webmvc-4.3.2.RELEASE.jar:4.3.2.RELEASE]
	at org.springframework.web.servlet.FrameworkServlet.processRequest(FrameworkServlet.java:970) ~[spring-webmvc-4.3.2.RELEASE.jar:4.3.2.RELEASE]
	at org.springframework.web.servlet.FrameworkServlet.doPost(FrameworkServlet.java:872) ~[spring-webmvc-4.3.2.RELEASE.jar:4.3.2.RELEASE]
	at javax.servlet.http.HttpServlet.service(HttpServlet.java:648) ~[tomcat-embed-core-8.5.4.jar:8.5.4]
	at org.springframework.web.servlet.FrameworkServlet.service(FrameworkServlet.java:846) ~[spring-webmvc-4.3.2.RELEASE.jar:4.3.2.RELEASE]
	at javax.servlet.http.HttpServlet.service(HttpServlet.java:729) ~[tomcat-embed-core-8.5.4.jar:8.5.4]
	at org.apache.catalina.core.ApplicationFilterChain.internalDoFilter(ApplicationFilterChain.java:230) ~[tomcat-embed-core-8.5.4.jar:8.5.4]
	at org.apache.catalina.core.ApplicationFilterChain.doFilter(ApplicationFilterChain.java:165) ~[tomcat-embed-core-8.5.4.jar:8.5.4]
	at org.apache.tomcat.websocket.server.WsFilter.doFilter(WsFilter.java:52) ~[tomcat-embed-websocket-8.5.4.jar:8.5.4]
	at org.apache.catalina.core.ApplicationFilterChain.internalDoFilter(ApplicationFilterChain.java:192) ~[tomcat-embed-core-8.5.4.jar:8.5.4]
	at org.apache.catalina.core.ApplicationFilterChain.doFilter(ApplicationFilterChain.java:165) ~[tomcat-embed-core-8.5.4.jar:8.5.4]
	at org.springframework.boot.web.filter.ApplicationContextHeaderFilter.doFilterInternal(ApplicationContextHeaderFilter.java:55) ~[spring-boot-1.4.0.RELEASE.jar:1.4.0.RELEASE]
	at org.springframework.web.filter.OncePerRequestFilter.doFilter(OncePerRequestFilter.java:107) ~[spring-web-4.3.2.RELEASE.jar:4.3.2.RELEASE]
	at org.apache.catalina.core.ApplicationFilterChain.internalDoFilter(ApplicationFilterChain.java:192) ~[tomcat-embed-core-8.5.4.jar:8.5.4]
	at org.apache.catalina.core.ApplicationFilterChain.doFilter(ApplicationFilterChain.java:165) ~[tomcat-embed-core-8.5.4.jar:8.5.4]
	at org.springframework.boot.actuate.trace.WebRequestTraceFilter.doFilterInternal(WebRequestTraceFilter.java:105) ~[spring-boot-actuator-1.4.0.RELEASE.jar:1.4.0.RELEASE]
	at org.springframework.web.filter.OncePerRequestFilter.doFilter(OncePerRequestFilter.java:107) ~[spring-web-4.3.2.RELEASE.jar:4.3.2.RELEASE]
	at org.apache.catalina.core.ApplicationFilterChain.internalDoFilter(ApplicationFilterChain.java:192) ~[tomcat-embed-core-8.5.4.jar:8.5.4]
	at org.apache.catalina.core.ApplicationFilterChain.doFilter(ApplicationFilterChain.java:165) ~[tomcat-embed-core-8.5.4.jar:8.5.4]
	at org.springframework.web.filter.RequestContextFilter.doFilterInternal(RequestContextFilter.java:99) ~[spring-web-4.3.2.RELEASE.jar:4.3.2.RELEASE]
	at org.springframework.web.filter.OncePerRequestFilter.doFilter(OncePerRequestFilter.java:107) ~[spring-web-4.3.2.RELEASE.jar:4.3.2.RELEASE]
	at org.apache.catalina.core.ApplicationFilterChain.internalDoFilter(ApplicationFilterChain.java:192) ~[tomcat-embed-core-8.5.4.jar:8.5.4]
	at org.apache.catalina.core.ApplicationFilterChain.doFilter(ApplicationFilterChain.java:165) ~[tomcat-embed-core-8.5.4.jar:8.5.4]
	at org.springframework.web.filter.HttpPutFormContentFilter.doFilterInternal(HttpPutFormContentFilter.java:87) ~[spring-web-4.3.2.RELEASE.jar:4.3.2.RELEASE]
	at org.springframework.web.filter.OncePerRequestFilter.doFilter(OncePerRequestFilter.java:107) ~[spring-web-4.3.2.RELEASE.jar:4.3.2.RELEASE]
	at org.apache.catalina.core.ApplicationFilterChain.internalDoFilter(ApplicationFilterChain.java:192) ~[tomcat-embed-core-8.5.4.jar:8.5.4]
	at org.apache.catalina.core.ApplicationFilterChain.doFilter(ApplicationFilterChain.java:165) ~[tomcat-embed-core-8.5.4.jar:8.5.4]
	at org.springframework.web.filter.HiddenHttpMethodFilter.doFilterInternal(HiddenHttpMethodFilter.java:77) ~[spring-web-4.3.2.RELEASE.jar:4.3.2.RELEASE]
	at org.springframework.web.filter.OncePerRequestFilter.doFilter(OncePerRequestFilter.java:107) ~[spring-web-4.3.2.RELEASE.jar:4.3.2.RELEASE]
	at org.apache.catalina.core.ApplicationFilterChain.internalDoFilter(ApplicationFilterChain.java:192) ~[tomcat-embed-core-8.5.4.jar:8.5.4]
	at org.apache.catalina.core.ApplicationFilterChain.doFilter(ApplicationFilterChain.java:165) ~[tomcat-embed-core-8.5.4.jar:8.5.4]
	at org.springframework.web.filter.CharacterEncodingFilter.doFilterInternal(CharacterEncodingFilter.java:197) ~[spring-web-4.3.2.RELEASE.jar:4.3.2.RELEASE]
	at org.springframework.web.filter.OncePerRequestFilter.doFilter(OncePerRequestFilter.java:107) ~[spring-web-4.3.2.RELEASE.jar:4.3.2.RELEASE]
	at org.apache.catalina.core.ApplicationFilterChain.internalDoFilter(ApplicationFilterChain.java:192) ~[tomcat-embed-core-8.5.4.jar:8.5.4]
	at org.apache.catalina.core.ApplicationFilterChain.doFilter(ApplicationFilterChain.java:165) ~[tomcat-embed-core-8.5.4.jar:8.5.4]
	at org.springframework.boot.actuate.autoconfigure.MetricsFilter.doFilterInternal(MetricsFilter.java:107) ~[spring-boot-actuator-1.4.0.RELEASE.jar:1.4.0.RELEASE]
	at org.springframework.web.filter.OncePerRequestFilter.doFilter(OncePerRequestFilter.java:107) ~[spring-web-4.3.2.RELEASE.jar:4.3.2.RELEASE]
	at org.apache.catalina.core.ApplicationFilterChain.internalDoFilter(ApplicationFilterChain.java:192) ~[tomcat-embed-core-8.5.4.jar:8.5.4]
	at org.apache.catalina.core.ApplicationFilterChain.doFilter(ApplicationFilterChain.java:165) ~[tomcat-embed-core-8.5.4.jar:8.5.4]
	at org.apache.catalina.core.StandardWrapperValve.invoke(StandardWrapperValve.java:198) [tomcat-embed-core-8.5.4.jar:8.5.4]
	at org.apache.catalina.core.StandardContextValve.invoke(StandardContextValve.java:108) [tomcat-embed-core-8.5.4.jar:8.5.4]
	at org.apache.catalina.authenticator.AuthenticatorBase.invoke(AuthenticatorBase.java:522) [tomcat-embed-core-8.5.4.jar:8.5.4]
	at org.apache.catalina.core.StandardHostValve.invoke(StandardHostValve.java:140) [tomcat-embed-core-8.5.4.jar:8.5.4]
	at org.apache.catalina.valves.ErrorReportValve.invoke(ErrorReportValve.java:79) [tomcat-embed-core-8.5.4.jar:8.5.4]
	at org.apache.catalina.core.StandardEngineValve.invoke(StandardEngineValve.java:87) [tomcat-embed-core-8.5.4.jar:8.5.4]
	at org.apache.catalina.connector.CoyoteAdapter.service(CoyoteAdapter.java:349) [tomcat-embed-core-8.5.4.jar:8.5.4]
	at org.apache.coyote.http11.Http11Processor.service(Http11Processor.java:1110) [tomcat-embed-core-8.5.4.jar:8.5.4]
	at org.apache.coyote.AbstractProcessorLight.process(AbstractProcessorLight.java:66) [tomcat-embed-core-8.5.4.jar:8.5.4]
	at org.apache.coyote.AbstractProtocol$ConnectionHandler.process(AbstractProtocol.java:785) [tomcat-embed-core-8.5.4.jar:8.5.4]
	at org.apache.tomcat.util.net.NioEndpoint$SocketProcessor.doRun(NioEndpoint.java:1425) [tomcat-embed-core-8.5.4.jar:8.5.4]
	at org.apache.tomcat.util.net.SocketProcessorBase.run(SocketProcessorBase.java:49) [tomcat-embed-core-8.5.4.jar:8.5.4]
	at java.util.concurrent.ThreadPoolExecutor.runWorker(ThreadPoolExecutor.java:1142) [?:1.8.0_121]
	at java.util.concurrent.ThreadPoolExecutor$Worker.run(ThreadPoolExecutor.java:617) [?:1.8.0_121]
	at org.apache.tomcat.util.threads.TaskThread$WrappingRunnable.run(TaskThread.java:61) [tomcat-embed-core-8.5.4.jar:8.5.4]
	at java.lang.Thread.run(Thread.java:745) [?:1.8.0_121]
[17:13:12:285] [ERROR] - org.thymeleaf.TemplateEngine.process(TemplateEngine.java:1085) - [THYMELEAF][http-nio-1111-exec-4] Exception processing template "pwderror": Error resolving template "pwderror", template might not exist or might not be accessible by any of the configured Template Resolvers
[17:13:12:287] [ERROR] - org.apache.juli.logging.DirectJDKLog.log(DirectJDKLog.java:181) - Servlet.service() for servlet [dispatcherServlet] in context with path [] threw exception [Request processing failed; nested exception is org.thymeleaf.exceptions.TemplateInputException: Error resolving template "pwderror", template might not exist or might not be accessible by any of the configured Template Resolvers] with root cause
org.thymeleaf.exceptions.TemplateInputException: Error resolving template "pwderror", template might not exist or might not be accessible by any of the configured Template Resolvers
	at org.thymeleaf.TemplateRepository.getTemplate(TemplateRepository.java:246) ~[thymeleaf-2.1.5.RELEASE.jar:2.1.5.RELEASE]
	at org.thymeleaf.TemplateEngine.process(TemplateEngine.java:1104) ~[thymeleaf-2.1.5.RELEASE.jar:2.1.5.RELEASE]
	at org.thymeleaf.TemplateEngine.process(TemplateEngine.java:1060) ~[thymeleaf-2.1.5.RELEASE.jar:2.1.5.RELEASE]
	at org.thymeleaf.TemplateEngine.process(TemplateEngine.java:1011) ~[thymeleaf-2.1.5.RELEASE.jar:2.1.5.RELEASE]
	at org.thymeleaf.spring4.view.ThymeleafView.renderFragment(ThymeleafView.java:335) ~[thymeleaf-spring4-2.1.5.RELEASE.jar:2.1.5.RELEASE]
	at org.thymeleaf.spring4.view.ThymeleafView.render(ThymeleafView.java:190) ~[thymeleaf-spring4-2.1.5.RELEASE.jar:2.1.5.RELEASE]
	at org.springframework.web.servlet.DispatcherServlet.render(DispatcherServlet.java:1257) ~[spring-webmvc-4.3.2.RELEASE.jar:4.3.2.RELEASE]
	at org.springframework.web.servlet.DispatcherServlet.processDispatchResult(DispatcherServlet.java:1037) ~[spring-webmvc-4.3.2.RELEASE.jar:4.3.2.RELEASE]
	at org.springframework.web.servlet.DispatcherServlet.doDispatch(DispatcherServlet.java:980) ~[spring-webmvc-4.3.2.RELEASE.jar:4.3.2.RELEASE]
	at org.springframework.web.servlet.DispatcherServlet.doService(DispatcherServlet.java:897) ~[spring-webmvc-4.3.2.RELEASE.jar:4.3.2.RELEASE]
	at org.springframework.web.servlet.FrameworkServlet.processRequest(FrameworkServlet.java:970) ~[spring-webmvc-4.3.2.RELEASE.jar:4.3.2.RELEASE]
	at org.springframework.web.servlet.FrameworkServlet.doPost(FrameworkServlet.java:872) ~[spring-webmvc-4.3.2.RELEASE.jar:4.3.2.RELEASE]
	at javax.servlet.http.HttpServlet.service(HttpServlet.java:648) ~[tomcat-embed-core-8.5.4.jar:8.5.4]
	at org.springframework.web.servlet.FrameworkServlet.service(FrameworkServlet.java:846) ~[spring-webmvc-4.3.2.RELEASE.jar:4.3.2.RELEASE]
	at javax.servlet.http.HttpServlet.service(HttpServlet.java:729) ~[tomcat-embed-core-8.5.4.jar:8.5.4]
	at org.apache.catalina.core.ApplicationFilterChain.internalDoFilter(ApplicationFilterChain.java:230) ~[tomcat-embed-core-8.5.4.jar:8.5.4]
	at org.apache.catalina.core.ApplicationFilterChain.doFilter(ApplicationFilterChain.java:165) ~[tomcat-embed-core-8.5.4.jar:8.5.4]
	at org.apache.tomcat.websocket.server.WsFilter.doFilter(WsFilter.java:52) ~[tomcat-embed-websocket-8.5.4.jar:8.5.4]
	at org.apache.catalina.core.ApplicationFilterChain.internalDoFilter(ApplicationFilterChain.java:192) ~[tomcat-embed-core-8.5.4.jar:8.5.4]
	at org.apache.catalina.core.ApplicationFilterChain.doFilter(ApplicationFilterChain.java:165) ~[tomcat-embed-core-8.5.4.jar:8.5.4]
	at org.springframework.boot.web.filter.ApplicationContextHeaderFilter.doFilterInternal(ApplicationContextHeaderFilter.java:55) ~[spring-boot-1.4.0.RELEASE.jar:1.4.0.RELEASE]
	at org.springframework.web.filter.OncePerRequestFilter.doFilter(OncePerRequestFilter.java:107) ~[spring-web-4.3.2.RELEASE.jar:4.3.2.RELEASE]
	at org.apache.catalina.core.ApplicationFilterChain.internalDoFilter(ApplicationFilterChain.java:192) ~[tomcat-embed-core-8.5.4.jar:8.5.4]
	at org.apache.catalina.core.ApplicationFilterChain.doFilter(ApplicationFilterChain.java:165) ~[tomcat-embed-core-8.5.4.jar:8.5.4]
	at org.springframework.boot.actuate.trace.WebRequestTraceFilter.doFilterInternal(WebRequestTraceFilter.java:105) ~[spring-boot-actuator-1.4.0.RELEASE.jar:1.4.0.RELEASE]
	at org.springframework.web.filter.OncePerRequestFilter.doFilter(OncePerRequestFilter.java:107) ~[spring-web-4.3.2.RELEASE.jar:4.3.2.RELEASE]
	at org.apache.catalina.core.ApplicationFilterChain.internalDoFilter(ApplicationFilterChain.java:192) ~[tomcat-embed-core-8.5.4.jar:8.5.4]
	at org.apache.catalina.core.ApplicationFilterChain.doFilter(ApplicationFilterChain.java:165) ~[tomcat-embed-core-8.5.4.jar:8.5.4]
	at org.springframework.web.filter.RequestContextFilter.doFilterInternal(RequestContextFilter.java:99) ~[spring-web-4.3.2.RELEASE.jar:4.3.2.RELEASE]
	at org.springframework.web.filter.OncePerRequestFilter.doFilter(OncePerRequestFilter.java:107) ~[spring-web-4.3.2.RELEASE.jar:4.3.2.RELEASE]
	at org.apache.catalina.core.ApplicationFilterChain.internalDoFilter(ApplicationFilterChain.java:192) ~[tomcat-embed-core-8.5.4.jar:8.5.4]
	at org.apache.catalina.core.ApplicationFilterChain.doFilter(ApplicationFilterChain.java:165) ~[tomcat-embed-core-8.5.4.jar:8.5.4]
	at org.springframework.web.filter.HttpPutFormContentFilter.doFilterInternal(HttpPutFormContentFilter.java:87) ~[spring-web-4.3.2.RELEASE.jar:4.3.2.RELEASE]
	at org.springframework.web.filter.OncePerRequestFilter.doFilter(OncePerRequestFilter.java:107) ~[spring-web-4.3.2.RELEASE.jar:4.3.2.RELEASE]
	at org.apache.catalina.core.ApplicationFilterChain.internalDoFilter(ApplicationFilterChain.java:192) ~[tomcat-embed-core-8.5.4.jar:8.5.4]
	at org.apache.catalina.core.ApplicationFilterChain.doFilter(ApplicationFilterChain.java:165) ~[tomcat-embed-core-8.5.4.jar:8.5.4]
	at org.springframework.web.filter.HiddenHttpMethodFilter.doFilterInternal(HiddenHttpMethodFilter.java:77) ~[spring-web-4.3.2.RELEASE.jar:4.3.2.RELEASE]
	at org.springframework.web.filter.OncePerRequestFilter.doFilter(OncePerRequestFilter.java:107) ~[spring-web-4.3.2.RELEASE.jar:4.3.2.RELEASE]
	at org.apache.catalina.core.ApplicationFilterChain.internalDoFilter(ApplicationFilterChain.java:192) ~[tomcat-embed-core-8.5.4.jar:8.5.4]
	at org.apache.catalina.core.ApplicationFilterChain.doFilter(ApplicationFilterChain.java:165) ~[tomcat-embed-core-8.5.4.jar:8.5.4]
	at org.springframework.web.filter.CharacterEncodingFilter.doFilterInternal(CharacterEncodingFilter.java:197) ~[spring-web-4.3.2.RELEASE.jar:4.3.2.RELEASE]
	at org.springframework.web.filter.OncePerRequestFilter.doFilter(OncePerRequestFilter.java:107) ~[spring-web-4.3.2.RELEASE.jar:4.3.2.RELEASE]
	at org.apache.catalina.core.ApplicationFilterChain.internalDoFilter(ApplicationFilterChain.java:192) ~[tomcat-embed-core-8.5.4.jar:8.5.4]
	at org.apache.catalina.core.ApplicationFilterChain.doFilter(ApplicationFilterChain.java:165) ~[tomcat-embed-core-8.5.4.jar:8.5.4]
	at org.springframework.boot.actuate.autoconfigure.MetricsFilter.doFilterInternal(MetricsFilter.java:107) ~[spring-boot-actuator-1.4.0.RELEASE.jar:1.4.0.RELEASE]
	at org.springframework.web.filter.OncePerRequestFilter.doFilter(OncePerRequestFilter.java:107) ~[spring-web-4.3.2.RELEASE.jar:4.3.2.RELEASE]
	at org.apache.catalina.core.ApplicationFilterChain.internalDoFilter(ApplicationFilterChain.java:192) ~[tomcat-embed-core-8.5.4.jar:8.5.4]
	at org.apache.catalina.core.ApplicationFilterChain.doFilter(ApplicationFilterChain.java:165) ~[tomcat-embed-core-8.5.4.jar:8.5.4]
	at org.apache.catalina.core.StandardWrapperValve.invoke(StandardWrapperValve.java:198) [tomcat-embed-core-8.5.4.jar:8.5.4]
	at org.apache.catalina.core.StandardContextValve.invoke(StandardContextValve.java:108) [tomcat-embed-core-8.5.4.jar:8.5.4]
	at org.apache.catalina.authenticator.AuthenticatorBase.invoke(AuthenticatorBase.java:522) [tomcat-embed-core-8.5.4.jar:8.5.4]
	at org.apache.catalina.core.StandardHostValve.invoke(StandardHostValve.java:140) [tomcat-embed-core-8.5.4.jar:8.5.4]
	at org.apache.catalina.valves.ErrorReportValve.invoke(ErrorReportValve.java:79) [tomcat-embed-core-8.5.4.jar:8.5.4]
	at org.apache.catalina.core.StandardEngineValve.invoke(StandardEngineValve.java:87) [tomcat-embed-core-8.5.4.jar:8.5.4]
	at org.apache.catalina.connector.CoyoteAdapter.service(CoyoteAdapter.java:349) [tomcat-embed-core-8.5.4.jar:8.5.4]
	at org.apache.coyote.http11.Http11Processor.service(Http11Processor.java:1110) [tomcat-embed-core-8.5.4.jar:8.5.4]
	at org.apache.coyote.AbstractProcessorLight.process(AbstractProcessorLight.java:66) [tomcat-embed-core-8.5.4.jar:8.5.4]
	at org.apache.coyote.AbstractProtocol$ConnectionHandler.process(AbstractProtocol.java:785) [tomcat-embed-core-8.5.4.jar:8.5.4]
	at org.apache.tomcat.util.net.NioEndpoint$SocketProcessor.doRun(NioEndpoint.java:1425) [tomcat-embed-core-8.5.4.jar:8.5.4]
	at org.apache.tomcat.util.net.SocketProcessorBase.run(SocketProcessorBase.java:49) [tomcat-embed-core-8.5.4.jar:8.5.4]
	at java.util.concurrent.ThreadPoolExecutor.runWorker(ThreadPoolExecutor.java:1142) [?:1.8.0_121]
	at java.util.concurrent.ThreadPoolExecutor$Worker.run(ThreadPoolExecutor.java:617) [?:1.8.0_121]
	at org.apache.tomcat.util.threads.TaskThread$WrappingRunnable.run(TaskThread.java:61) [tomcat-embed-core-8.5.4.jar:8.5.4]
	at java.lang.Thread.run(Thread.java:745) [?:1.8.0_121]
[17:14:50:233] [ERROR] - org.apache.juli.logging.DirectJDKLog.log(DirectJDKLog.java:181) - Servlet.service() for servlet [dispatcherServlet] in context with path [] threw exception [Request processing failed; nested exception is java.lang.NullPointerException] with root cause
java.lang.NullPointerException
	at com.jym.microservice.CommonController.logon(CommonController.java:34) ~[classes/:?]
	at sun.reflect.NativeMethodAccessorImpl.invoke0(Native Method) ~[?:1.8.0_121]
	at sun.reflect.NativeMethodAccessorImpl.invoke(NativeMethodAccessorImpl.java:62) ~[?:1.8.0_121]
	at sun.reflect.DelegatingMethodAccessorImpl.invoke(DelegatingMethodAccessorImpl.java:43) ~[?:1.8.0_121]
	at java.lang.reflect.Method.invoke(Method.java:498) ~[?:1.8.0_121]
	at org.springframework.web.method.support.InvocableHandlerMethod.doInvoke(InvocableHandlerMethod.java:221) ~[spring-web-4.3.2.RELEASE.jar:4.3.2.RELEASE]
	at org.springframework.web.method.support.InvocableHandlerMethod.invokeForRequest(InvocableHandlerMethod.java:136) ~[spring-web-4.3.2.RELEASE.jar:4.3.2.RELEASE]
	at org.springframework.web.servlet.mvc.method.annotation.ServletInvocableHandlerMethod.invokeAndHandle(ServletInvocableHandlerMethod.java:114) ~[spring-webmvc-4.3.2.RELEASE.jar:4.3.2.RELEASE]
	at org.springframework.web.servlet.mvc.method.annotation.RequestMappingHandlerAdapter.invokeHandlerMethod(RequestMappingHandlerAdapter.java:827) ~[spring-webmvc-4.3.2.RELEASE.jar:4.3.2.RELEASE]
	at org.springframework.web.servlet.mvc.method.annotation.RequestMappingHandlerAdapter.handleInternal(RequestMappingHandlerAdapter.java:738) ~[spring-webmvc-4.3.2.RELEASE.jar:4.3.2.RELEASE]
	at org.springframework.web.servlet.mvc.method.AbstractHandlerMethodAdapter.handle(AbstractHandlerMethodAdapter.java:85) ~[spring-webmvc-4.3.2.RELEASE.jar:4.3.2.RELEASE]
	at org.springframework.web.servlet.DispatcherServlet.doDispatch(DispatcherServlet.java:963) ~[spring-webmvc-4.3.2.RELEASE.jar:4.3.2.RELEASE]
	at org.springframework.web.servlet.DispatcherServlet.doService(DispatcherServlet.java:897) ~[spring-webmvc-4.3.2.RELEASE.jar:4.3.2.RELEASE]
	at org.springframework.web.servlet.FrameworkServlet.processRequest(FrameworkServlet.java:970) ~[spring-webmvc-4.3.2.RELEASE.jar:4.3.2.RELEASE]
	at org.springframework.web.servlet.FrameworkServlet.doPost(FrameworkServlet.java:872) ~[spring-webmvc-4.3.2.RELEASE.jar:4.3.2.RELEASE]
	at javax.servlet.http.HttpServlet.service(HttpServlet.java:648) ~[tomcat-embed-core-8.5.4.jar:8.5.4]
	at org.springframework.web.servlet.FrameworkServlet.service(FrameworkServlet.java:846) ~[spring-webmvc-4.3.2.RELEASE.jar:4.3.2.RELEASE]
	at javax.servlet.http.HttpServlet.service(HttpServlet.java:729) ~[tomcat-embed-core-8.5.4.jar:8.5.4]
	at org.apache.catalina.core.ApplicationFilterChain.internalDoFilter(ApplicationFilterChain.java:230) ~[tomcat-embed-core-8.5.4.jar:8.5.4]
	at org.apache.catalina.core.ApplicationFilterChain.doFilter(ApplicationFilterChain.java:165) ~[tomcat-embed-core-8.5.4.jar:8.5.4]
	at org.apache.tomcat.websocket.server.WsFilter.doFilter(WsFilter.java:52) ~[tomcat-embed-websocket-8.5.4.jar:8.5.4]
	at org.apache.catalina.core.ApplicationFilterChain.internalDoFilter(ApplicationFilterChain.java:192) ~[tomcat-embed-core-8.5.4.jar:8.5.4]
	at org.apache.catalina.core.ApplicationFilterChain.doFilter(ApplicationFilterChain.java:165) ~[tomcat-embed-core-8.5.4.jar:8.5.4]
	at org.springframework.boot.web.filter.ApplicationContextHeaderFilter.doFilterInternal(ApplicationContextHeaderFilter.java:55) ~[spring-boot-1.4.0.RELEASE.jar:1.4.0.RELEASE]
	at org.springframework.web.filter.OncePerRequestFilter.doFilter(OncePerRequestFilter.java:107) ~[spring-web-4.3.2.RELEASE.jar:4.3.2.RELEASE]
	at org.apache.catalina.core.ApplicationFilterChain.internalDoFilter(ApplicationFilterChain.java:192) ~[tomcat-embed-core-8.5.4.jar:8.5.4]
	at org.apache.catalina.core.ApplicationFilterChain.doFilter(ApplicationFilterChain.java:165) ~[tomcat-embed-core-8.5.4.jar:8.5.4]
	at org.springframework.boot.actuate.trace.WebRequestTraceFilter.doFilterInternal(WebRequestTraceFilter.java:105) ~[spring-boot-actuator-1.4.0.RELEASE.jar:1.4.0.RELEASE]
	at org.springframework.web.filter.OncePerRequestFilter.doFilter(OncePerRequestFilter.java:107) ~[spring-web-4.3.2.RELEASE.jar:4.3.2.RELEASE]
	at org.apache.catalina.core.ApplicationFilterChain.internalDoFilter(ApplicationFilterChain.java:192) ~[tomcat-embed-core-8.5.4.jar:8.5.4]
	at org.apache.catalina.core.ApplicationFilterChain.doFilter(ApplicationFilterChain.java:165) ~[tomcat-embed-core-8.5.4.jar:8.5.4]
	at org.springframework.web.filter.RequestContextFilter.doFilterInternal(RequestContextFilter.java:99) ~[spring-web-4.3.2.RELEASE.jar:4.3.2.RELEASE]
	at org.springframework.web.filter.OncePerRequestFilter.doFilter(OncePerRequestFilter.java:107) ~[spring-web-4.3.2.RELEASE.jar:4.3.2.RELEASE]
	at org.apache.catalina.core.ApplicationFilterChain.internalDoFilter(ApplicationFilterChain.java:192) ~[tomcat-embed-core-8.5.4.jar:8.5.4]
	at org.apache.catalina.core.ApplicationFilterChain.doFilter(ApplicationFilterChain.java:165) ~[tomcat-embed-core-8.5.4.jar:8.5.4]
	at org.springframework.web.filter.HttpPutFormContentFilter.doFilterInternal(HttpPutFormContentFilter.java:87) ~[spring-web-4.3.2.RELEASE.jar:4.3.2.RELEASE]
	at org.springframework.web.filter.OncePerRequestFilter.doFilter(OncePerRequestFilter.java:107) ~[spring-web-4.3.2.RELEASE.jar:4.3.2.RELEASE]
	at org.apache.catalina.core.ApplicationFilterChain.internalDoFilter(ApplicationFilterChain.java:192) ~[tomcat-embed-core-8.5.4.jar:8.5.4]
	at org.apache.catalina.core.ApplicationFilterChain.doFilter(ApplicationFilterChain.java:165) ~[tomcat-embed-core-8.5.4.jar:8.5.4]
	at org.springframework.web.filter.HiddenHttpMethodFilter.doFilterInternal(HiddenHttpMethodFilter.java:77) ~[spring-web-4.3.2.RELEASE.jar:4.3.2.RELEASE]
	at org.springframework.web.filter.OncePerRequestFilter.doFilter(OncePerRequestFilter.java:107) ~[spring-web-4.3.2.RELEASE.jar:4.3.2.RELEASE]
	at org.apache.catalina.core.ApplicationFilterChain.internalDoFilter(ApplicationFilterChain.java:192) ~[tomcat-embed-core-8.5.4.jar:8.5.4]
	at org.apache.catalina.core.ApplicationFilterChain.doFilter(ApplicationFilterChain.java:165) ~[tomcat-embed-core-8.5.4.jar:8.5.4]
	at org.springframework.web.filter.CharacterEncodingFilter.doFilterInternal(CharacterEncodingFilter.java:197) ~[spring-web-4.3.2.RELEASE.jar:4.3.2.RELEASE]
	at org.springframework.web.filter.OncePerRequestFilter.doFilter(OncePerRequestFilter.java:107) ~[spring-web-4.3.2.RELEASE.jar:4.3.2.RELEASE]
	at org.apache.catalina.core.ApplicationFilterChain.internalDoFilter(ApplicationFilterChain.java:192) ~[tomcat-embed-core-8.5.4.jar:8.5.4]
	at org.apache.catalina.core.ApplicationFilterChain.doFilter(ApplicationFilterChain.java:165) ~[tomcat-embed-core-8.5.4.jar:8.5.4]
	at org.springframework.boot.actuate.autoconfigure.MetricsFilter.doFilterInternal(MetricsFilter.java:107) ~[spring-boot-actuator-1.4.0.RELEASE.jar:1.4.0.RELEASE]
	at org.springframework.web.filter.OncePerRequestFilter.doFilter(OncePerRequestFilter.java:107) ~[spring-web-4.3.2.RELEASE.jar:4.3.2.RELEASE]
	at org.apache.catalina.core.ApplicationFilterChain.internalDoFilter(ApplicationFilterChain.java:192) ~[tomcat-embed-core-8.5.4.jar:8.5.4]
	at org.apache.catalina.core.ApplicationFilterChain.doFilter(ApplicationFilterChain.java:165) ~[tomcat-embed-core-8.5.4.jar:8.5.4]
	at org.apache.catalina.core.StandardWrapperValve.invoke(StandardWrapperValve.java:198) [tomcat-embed-core-8.5.4.jar:8.5.4]
	at org.apache.catalina.core.StandardContextValve.invoke(StandardContextValve.java:108) [tomcat-embed-core-8.5.4.jar:8.5.4]
	at org.apache.catalina.authenticator.AuthenticatorBase.invoke(AuthenticatorBase.java:522) [tomcat-embed-core-8.5.4.jar:8.5.4]
	at org.apache.catalina.core.StandardHostValve.invoke(StandardHostValve.java:140) [tomcat-embed-core-8.5.4.jar:8.5.4]
	at org.apache.catalina.valves.ErrorReportValve.invoke(ErrorReportValve.java:79) [tomcat-embed-core-8.5.4.jar:8.5.4]
	at org.apache.catalina.core.StandardEngineValve.invoke(StandardEngineValve.java:87) [tomcat-embed-core-8.5.4.jar:8.5.4]
	at org.apache.catalina.connector.CoyoteAdapter.service(CoyoteAdapter.java:349) [tomcat-embed-core-8.5.4.jar:8.5.4]
	at org.apache.coyote.http11.Http11Processor.service(Http11Processor.java:1110) [tomcat-embed-core-8.5.4.jar:8.5.4]
	at org.apache.coyote.AbstractProcessorLight.process(AbstractProcessorLight.java:66) [tomcat-embed-core-8.5.4.jar:8.5.4]
	at org.apache.coyote.AbstractProtocol$ConnectionHandler.process(AbstractProtocol.java:785) [tomcat-embed-core-8.5.4.jar:8.5.4]
	at org.apache.tomcat.util.net.NioEndpoint$SocketProcessor.doRun(NioEndpoint.java:1425) [tomcat-embed-core-8.5.4.jar:8.5.4]
	at org.apache.tomcat.util.net.SocketProcessorBase.run(SocketProcessorBase.java:49) [tomcat-embed-core-8.5.4.jar:8.5.4]
	at java.util.concurrent.ThreadPoolExecutor.runWorker(ThreadPoolExecutor.java:1142) [?:1.8.0_121]
	at java.util.concurrent.ThreadPoolExecutor$Worker.run(ThreadPoolExecutor.java:617) [?:1.8.0_121]
	at org.apache.tomcat.util.threads.TaskThread$WrappingRunnable.run(TaskThread.java:61) [tomcat-embed-core-8.5.4.jar:8.5.4]
	at java.lang.Thread.run(Thread.java:745) [?:1.8.0_121]
[17:20:53:371] [WARN] - org.springframework.cloud.config.client.ConfigServicePropertySourceLocator.locate(ConfigServicePropertySourceLocator.java:136) - Could not locate PropertySource: I/O error on GET request for "http://localhost:8888/eureka-server/default": Connection refused: connect; nested exception is java.net.ConnectException: Connection refused: connect
[17:21:09:353] [WARN] - com.netflix.config.sources.URLConfigurationSource.<init>(URLConfigurationSource.java:121) - No URLs will be polled as dynamic configuration sources.
[17:21:09:376] [WARN] - com.netflix.config.sources.URLConfigurationSource.<init>(URLConfigurationSource.java:121) - No URLs will be polled as dynamic configuration sources.
[17:21:14:749] [WARN] - com.netflix.eureka.cluster.PeerEurekaNodes.updatePeerEurekaNodes(PeerEurekaNodes.java:156) - The replica size seems to be empty. Check the route 53 DNS Registry
[17:22:14:440] [WARN] - org.springframework.cloud.config.client.ConfigServicePropertySourceLocator.locate(ConfigServicePropertySourceLocator.java:136) - Could not locate PropertySource: I/O error on GET request for "http://localhost:8888/eureka-server/default": Connection refused: connect; nested exception is java.net.ConnectException: Connection refused: connect
[17:22:25:923] [WARN] - com.netflix.config.sources.URLConfigurationSource.<init>(URLConfigurationSource.java:121) - No URLs will be polled as dynamic configuration sources.
[17:22:25:964] [WARN] - com.netflix.config.sources.URLConfigurationSource.<init>(URLConfigurationSource.java:121) - No URLs will be polled as dynamic configuration sources.
[17:22:32:776] [WARN] - com.netflix.eureka.cluster.PeerEurekaNodes.updatePeerEurekaNodes(PeerEurekaNodes.java:156) - The replica size seems to be empty. Check the route 53 DNS Registry
[17:24:34:268] [WARN] - org.springframework.cloud.config.client.ConfigServicePropertySourceLocator.locate(ConfigServicePropertySourceLocator.java:136) - Could not locate PropertySource: I/O error on GET request for "http://localhost:8888/eureka-server/default": Connection refused: connect; nested exception is java.net.ConnectException: Connection refused: connect
[17:24:44:713] [WARN] - com.netflix.config.sources.URLConfigurationSource.<init>(URLConfigurationSource.java:121) - No URLs will be polled as dynamic configuration sources.
[17:24:44:734] [WARN] - com.netflix.config.sources.URLConfigurationSource.<init>(URLConfigurationSource.java:121) - No URLs will be polled as dynamic configuration sources.
[17:24:51:174] [WARN] - com.netflix.eureka.cluster.PeerEurekaNodes.updatePeerEurekaNodes(PeerEurekaNodes.java:156) - The replica size seems to be empty. Check the route 53 DNS Registry
[17:34:51:180] [WARN] - com.netflix.eureka.cluster.PeerEurekaNodes.updatePeerEurekaNodes(PeerEurekaNodes.java:156) - The replica size seems to be empty. Check the route 53 DNS Registry
[17:35:05:322] [WARN] - org.springframework.cloud.config.client.ConfigServicePropertySourceLocator.locate(ConfigServicePropertySourceLocator.java:136) - Could not locate PropertySource: I/O error on GET request for "http://localhost:8888/eureka-server/default": Connection refused: connect; nested exception is java.net.ConnectException: Connection refused: connect
[17:35:17:954] [WARN] - com.netflix.config.sources.URLConfigurationSource.<init>(URLConfigurationSource.java:121) - No URLs will be polled as dynamic configuration sources.
[17:35:17:978] [WARN] - com.netflix.config.sources.URLConfigurationSource.<init>(URLConfigurationSource.java:121) - No URLs will be polled as dynamic configuration sources.
[17:35:24:098] [WARN] - com.netflix.eureka.cluster.PeerEurekaNodes.updatePeerEurekaNodes(PeerEurekaNodes.java:156) - The replica size seems to be empty. Check the route 53 DNS Registry
[17:43:54:167] [WARN] - org.springframework.cloud.config.client.ConfigServicePropertySourceLocator.locate(ConfigServicePropertySourceLocator.java:136) - Could not locate PropertySource: I/O error on GET request for "http://localhost:8888/eureka-server/default": Connection refused: connect; nested exception is java.net.ConnectException: Connection refused: connect
[17:44:05:767] [WARN] - com.netflix.config.sources.URLConfigurationSource.<init>(URLConfigurationSource.java:121) - No URLs will be polled as dynamic configuration sources.
[17:44:05:786] [WARN] - com.netflix.config.sources.URLConfigurationSource.<init>(URLConfigurationSource.java:121) - No URLs will be polled as dynamic configuration sources.
[17:44:11:348] [WARN] - com.netflix.eureka.cluster.PeerEurekaNodes.updatePeerEurekaNodes(PeerEurekaNodes.java:156) - The replica size seems to be empty. Check the route 53 DNS Registry
[17:46:10:830] [WARN] - org.springframework.cloud.config.client.ConfigServicePropertySourceLocator.locate(ConfigServicePropertySourceLocator.java:136) - Could not locate PropertySource: I/O error on GET request for "http://localhost:8888/eureka-server/default": Connection refused: connect; nested exception is java.net.ConnectException: Connection refused: connect
[17:46:26:287] [WARN] - com.netflix.config.sources.URLConfigurationSource.<init>(URLConfigurationSource.java:121) - No URLs will be polled as dynamic configuration sources.
[17:46:26:314] [WARN] - com.netflix.config.sources.URLConfigurationSource.<init>(URLConfigurationSource.java:121) - No URLs will be polled as dynamic configuration sources.
[17:46:36:429] [WARN] - com.netflix.eureka.cluster.PeerEurekaNodes.updatePeerEurekaNodes(PeerEurekaNodes.java:156) - The replica size seems to be empty. Check the route 53 DNS Registry
[17:50:54:749] [WARN] - org.springframework.cloud.config.client.ConfigServicePropertySourceLocator.locate(ConfigServicePropertySourceLocator.java:136) - Could not locate PropertySource: I/O error on GET request for "http://localhost:8888/eureka-server/default": Connection refused: connect; nested exception is java.net.ConnectException: Connection refused: connect
[17:51:07:151] [WARN] - com.netflix.config.sources.URLConfigurationSource.<init>(URLConfigurationSource.java:121) - No URLs will be polled as dynamic configuration sources.
[17:51:07:172] [WARN] - com.netflix.config.sources.URLConfigurationSource.<init>(URLConfigurationSource.java:121) - No URLs will be polled as dynamic configuration sources.
[17:51:13:021] [WARN] - com.netflix.eureka.cluster.PeerEurekaNodes.updatePeerEurekaNodes(PeerEurekaNodes.java:156) - The replica size seems to be empty. Check the route 53 DNS Registry
[17:55:23:935] [WARN] - org.springframework.cloud.config.client.ConfigServicePropertySourceLocator.locate(ConfigServicePropertySourceLocator.java:136) - Could not locate PropertySource: I/O error on GET request for "http://localhost:8888/eureka-server/default": Connection refused: connect; nested exception is java.net.ConnectException: Connection refused: connect
[17:55:36:347] [WARN] - com.netflix.config.sources.URLConfigurationSource.<init>(URLConfigurationSource.java:121) - No URLs will be polled as dynamic configuration sources.
[17:55:36:368] [WARN] - com.netflix.config.sources.URLConfigurationSource.<init>(URLConfigurationSource.java:121) - No URLs will be polled as dynamic configuration sources.
[17:55:43:088] [WARN] - com.netflix.eureka.cluster.PeerEurekaNodes.updatePeerEurekaNodes(PeerEurekaNodes.java:156) - The replica size seems to be empty. Check the route 53 DNS Registry
[17:59:04:156] [WARN] - org.springframework.cloud.config.client.ConfigServicePropertySourceLocator.locate(ConfigServicePropertySourceLocator.java:136) - Could not locate PropertySource: I/O error on GET request for "http://localhost:8888/eureka-server/default": Connection refused: connect; nested exception is java.net.ConnectException: Connection refused: connect
[17:59:13:941] [WARN] - com.netflix.config.sources.URLConfigurationSource.<init>(URLConfigurationSource.java:121) - No URLs will be polled as dynamic configuration sources.
[17:59:13:963] [WARN] - com.netflix.config.sources.URLConfigurationSource.<init>(URLConfigurationSource.java:121) - No URLs will be polled as dynamic configuration sources.
[17:59:19:360] [WARN] - com.netflix.eureka.cluster.PeerEurekaNodes.updatePeerEurekaNodes(PeerEurekaNodes.java:156) - The replica size seems to be empty. Check the route 53 DNS Registry
[18:00:43:062] [WARN] - org.springframework.cloud.config.client.ConfigServicePropertySourceLocator.locate(ConfigServicePropertySourceLocator.java:136) - Could not locate PropertySource: I/O error on GET request for "http://localhost:8888/eureka-server/default": Connection refused: connect; nested exception is java.net.ConnectException: Connection refused: connect
[18:00:54:673] [WARN] - com.netflix.config.sources.URLConfigurationSource.<init>(URLConfigurationSource.java:121) - No URLs will be polled as dynamic configuration sources.
[18:00:54:695] [WARN] - com.netflix.config.sources.URLConfigurationSource.<init>(URLConfigurationSource.java:121) - No URLs will be polled as dynamic configuration sources.
[18:01:00:387] [WARN] - com.netflix.eureka.cluster.PeerEurekaNodes.updatePeerEurekaNodes(PeerEurekaNodes.java:156) - The replica size seems to be empty. Check the route 53 DNS Registry
